<?xml version="1.0" encoding="UTF-8"?>
<!-- Generated by org.testng.reporters.JUnitReportReporter -->
<testsuite hostname="LAPTOP-O76L7V94" failures="0" tests="1" name="campaign.Create_camp_product_codeopti" time="66.390" errors="0" timestamp="2024-09-30T20:42:50 IST" skipped="0">
  <testcase classname="campaign.Create_camp_product_codeopti" name="Create_camp_product_codeopti" time="66.390"/>
</testsuite> <!-- campaign.Create_camp_product_codeopti -->
