<?xml version="1.0" encoding="UTF-8"?>
<!-- Generated by org.testng.reporters.JUnitReportReporter -->
<testsuite hostname="LAPTOP-O76L7V94" failures="0" tests="5" name="testngPractice.SampleTest" time="0.028" errors="0" timestamp="2024-09-19T15:07:24 IST" skipped="1">
  <testcase classname="testngPractice.SampleTest" name="m3" time="0.003"/>
  <testcase classname="testngPractice.SampleTest" name="m3" time="0.019"/>
  <testcase classname="testngPractice.SampleTest" name="m1" time="0.003"/>
  <testcase classname="testngPractice.SampleTest" name="m1" time="0.003"/>
  <testcase classname="testngPractice.SampleTest" name="m2">
    <skipped/>
  </testcase> <!-- m2 -->
</testsuite> <!-- testngPractice.SampleTest -->
