<?xml version="1.0" encoding="UTF-8"?>
<!-- Generated by org.testng.reporters.JUnitReportReporter -->
<testsuite hostname="LAPTOP-O76L7V94" failures="0" tests="1" name="product.Create_Delete_Product_Optimized" time="48.165" errors="0" timestamp="2024-10-03T20:48:46 IST" skipped="0">
  <testcase classname="product.Create_Delete_Product_Optimized" name="create_Delete_Product_Optimized" time="48.165"/>
</testsuite> <!-- product.Create_Delete_Product_Optimized -->
