<?xml version="1.0" encoding="UTF-8"?>
<!-- Generated by org.testng.reporters.JUnitReportReporter -->
<testsuite hostname="LAPTOP-O76L7V94" failures="0" tests="1" name="campaign.CreateCampaign_Code_Opmization_Usingutility_Andobjrepo" time="98.357" errors="0" timestamp="2024-09-30T15:40:06 IST" skipped="0">
  <testcase classname="campaign.CreateCampaign_Code_Opmization_Usingutility_Andobjrepo" name="CreateCampaign_Code_Opmization_Usingutility" time="98.357"/>
</testsuite> <!-- campaign.CreateCampaign_Code_Opmization_Usingutility_Andobjrepo -->
