<?xml version="1.0" encoding="UTF-8"?>
<!-- Generated by org.testng.reporters.JUnitReportReporter -->
<testsuite hostname="LAPTOP-O76L7V94" failures="0" tests="1" name="product.Create_Delete_product_Test" time="146.768" errors="0" timestamp="2024-10-05T15:38:52 IST" skipped="0">
  <testcase classname="product.Create_Delete_product_Test" name="Create_Product_Optimization_using_utility" time="146.768"/>
</testsuite> <!-- product.Create_Delete_product_Test -->
