<?xml version="1.0" encoding="UTF-8"?>
<!-- Generated by org.testng.reporters.JUnitReportReporter -->
<testsuite hostname="LAPTOP-O76L7V94" failures="0" tests="1" name="organization.Organization_Test" time="62.179" errors="0" timestamp="2024-10-04T15:45:45 IST" skipped="0">
  <testcase classname="organization.Organization_Test" name="organization_Test" time="62.179"/>
</testsuite> <!-- organization.Organization_Test -->
