<?xml version="1.0" encoding="UTF-8"?>
<!-- Generated by org.testng.reporters.JUnitReportReporter -->
<testsuite hostname="LAPTOP-O76L7V94" failures="0" tests="2" name="campaign.create_camp_Regionaal_Regression" time="136.540" errors="0" timestamp="2024-09-23T15:27:31 IST" skipped="0">
  <testcase classname="campaign.create_camp_Regionaal_Regression" name="create_Product" time="88.001"/>
  <testcase classname="campaign.create_camp_Regionaal_Regression" name="create_camp_Regionaal_Regression" time="48.539"/>
</testsuite> <!-- campaign.create_camp_Regionaal_Regression -->
