<?xml version="1.0" encoding="UTF-8"?>
<!-- Generated by org.testng.reporters.JUnitReportReporter -->
<testsuite hostname="LAPTOP-O76L7V94" failures="0" tests="3" name="testngPractice.CreateOrg" time="133.654" errors="0" timestamp="2024-09-19T19:34:42 IST" skipped="0">
  <testcase classname="testngPractice.CreateOrg" name="createOrganization" time="39.666"/>
  <testcase classname="testngPractice.CreateOrg" name="createOrganization" time="55.129"/>
  <testcase classname="testngPractice.CreateOrg" name="createOrganization" time="38.859"/>
</testsuite> <!-- testngPractice.CreateOrg -->
