<?xml version="1.0" encoding="UTF-8"?>
<!-- Generated by org.testng.reporters.JUnitReportReporter -->
<testsuite hostname="LAPTOP-O76L7V94" failures="0" tests="1" name="campaign.Create_Campaign_Test" time="135.917" errors="0" timestamp="2024-10-04T15:02:07 IST" skipped="0">
  <testcase classname="campaign.Create_Campaign_Test" name="CreateCampaign_Code_Opmization_Usingutility" time="135.917"/>
</testsuite> <!-- campaign.Create_Campaign_Test -->
