<?xml version="1.0" encoding="UTF-8"?>
<!-- Generated by org.testng.reporters.JUnitReportReporter -->
<testsuite hostname="LAPTOP-O76L7V94" failures="0" tests="2" name="testngPractice.Dataprovider" time="0.027" errors="0" timestamp="2024-09-19T15:24:27 IST" skipped="0">
  <testcase classname="testngPractice.Dataprovider" name="bookTicket" time="0.008"/>
  <testcase classname="testngPractice.Dataprovider" name="bookTicket" time="0.019"/>
</testsuite> <!-- testngPractice.Dataprovider -->
