<?xml version="1.0" encoding="UTF-8"?>
<!-- Generated by org.testng.reporters.JUnitReportReporter -->
<testsuite hostname="LAPTOP-O76L7V94" failures="0" tests="1" name="product.Create_Product_Optimization_using_utility" time="46.336" errors="0" timestamp="2024-09-30T20:56:45 IST" skipped="0">
  <testcase classname="product.Create_Product_Optimization_using_utility" name="Create_Product_Optimization_using_utility" time="46.336"/>
</testsuite> <!-- product.Create_Product_Optimization_using_utility -->
